# JRE version: OpenJDK Runtime Environment (8.0_152-b01) (build 1.8.0_152-release-1343-b01)
# Java VM: OpenJDK 64-Bit Server VM (25.152-b01 mixed mode windows-amd64 compressed oops)
Heap:
 PSYoungGen      total 413696K, used 229258K [0x00000000e0000000, 0x0000000100000000, 0x0000000100000000)
  eden space 376320K, 60% used [0x00000000e0000000,0x00000000edf0e748,0x00000000f6f80000)
  from space 37376K, 2% used [0x00000000f6f80000,0x00000000f70540c0,0x00000000f9400000)
  to   space 52224K, 0% used [0x00000000fcd00000,0x00000000fcd00000,0x0000000100000000)
 ParOldGen       total 198144K, used 97026K [0x00000000a0000000, 0x00000000ac180000, 0x00000000e0000000)
  object space 198144K, 48% used [0x00000000a0000000,0x00000000a5ec09a8,0x00000000ac180000)
 Metaspace       used 87843K, capacity 90934K, committed 91352K, reserved 1128448K
  class space    used 11000K, capacity 11642K, committed 11776K, reserved 1048576K
GC Heap History (10 events):
Event: 839.303 GC heap before
{Heap before GC invocations=17 (full 3):
 PSYoungGen      total 221696K, used 216288K [0x00000000e0000000, 0x00000000f4400000, 0x0000000100000000)
  eden space 202752K, 100% used [0x00000000e0000000,0x00000000ec600000,0x00000000ec600000)
  from space 18944K, 71% used [0x00000000ec600000,0x00000000ed338210,0x00000000ed880000)
  to   space 19968K, 0% used [0x00000000f3080000,0x00000000f3080000,0x00000000f4400000)
 ParOldGen       total 97280K, used 26089K [0x00000000a0000000, 0x00000000a5f00000, 0x00000000e0000000)
  object space 97280K, 26% used [0x00000000a0000000,0x00000000a197a458,0x00000000a5f00000)
 Metaspace       used 66832K, capacity 68926K, committed 69080K, reserved 1110016K
  class space    used 8654K, capacity 9160K, committed 9216K, reserved 1048576K
Event: 839.321 GC heap after
Heap after GC invocations=17 (full 3):
 PSYoungGen      total 296448K, used 5328K [0x00000000e0000000, 0x00000000f3c00000, 0x0000000100000000)
  eden space 284672K, 0% used [0x00000000e0000000,0x00000000e0000000,0x00000000f1600000)
  from space 11776K, 45% used [0x00000000f3080000,0x00000000f35b4020,0x00000000f3c00000)
  to   space 19456K, 0% used [0x00000000f1600000,0x00000000f1600000,0x00000000f2900000)
 ParOldGen       total 97280K, used 33244K [0x00000000a0000000, 0x00000000a5f00000, 0x00000000e0000000)
  object space 97280K, 34% used [0x00000000a0000000,0x00000000a20772f0,0x00000000a5f00000)
 Metaspace       used 66832K, capacity 68926K, committed 69080K, reserved 1110016K
  class space    used 8654K, capacity 9160K, committed 9216K, reserved 1048576K
}
Event: 855.102 GC heap before
{Heap before GC invocations=18 (full 3):
 PSYoungGen      total 296448K, used 290000K [0x00000000e0000000, 0x00000000f3c00000, 0x0000000100000000)
  eden space 284672K, 100% used [0x00000000e0000000,0x00000000f1600000,0x00000000f1600000)
  from space 11776K, 45% used [0x00000000f3080000,0x00000000f35b4020,0x00000000f3c00000)
  to   space 19456K, 0% used [0x00000000f1600000,0x00000000f1600000,0x00000000f2900000)
 ParOldGen       total 97280K, used 33244K [0x00000000a0000000, 0x00000000a5f00000, 0x00000000e0000000)
  object space 97280K, 34% used [0x00000000a0000000,0x00000000a20772f0,0x00000000a5f00000)
 Metaspace       used 73546K, capacity 75686K, committed 75992K, reserved 1116160K
  class space    used 9405K, capacity 9892K, committed 9984K, reserved 1048576K
Event: 855.150 GC heap after
Heap after GC invocations=18 (full 3):
 PSYoungGen      total 304128K, used 19443K [0x00000000e0000000, 0x00000000fac80000, 0x0000000100000000)
  eden space 284672K, 0% used [0x00000000e0000000,0x00000000e0000000,0x00000000f1600000)
  from space 19456K, 99% used [0x00000000f1600000,0x00000000f28fcde8,0x00000000f2900000)
  to   space 25088K, 0% used [0x00000000f9400000,0x00000000f9400000,0x00000000fac80000)
 ParOldGen       total 97280K, used 40211K [0x00000000a0000000, 0x00000000a5f00000, 0x00000000e0000000)
  object space 97280K, 41% used [0x00000000a0000000,0x00000000a2744f88,0x00000000a5f00000)
 Metaspace       used 73546K, capacity 75686K, committed 75992K, reserved 1116160K
  class space    used 9405K, capacity 9892K, committed 9984K, reserved 1048576K
}
Event: 862.918 GC heap before
{Heap before GC invocations=19 (full 3):
 PSYoungGen      total 304128K, used 304115K [0x00000000e0000000, 0x00000000fac80000, 0x0000000100000000)
  eden space 284672K, 100% used [0x00000000e0000000,0x00000000f1600000,0x00000000f1600000)
  from space 19456K, 99% used [0x00000000f1600000,0x00000000f28fcde8,0x00000000f2900000)
  to   space 25088K, 0% used [0x00000000f9400000,0x00000000f9400000,0x00000000fac80000)
 ParOldGen       total 97280K, used 40211K [0x00000000a0000000, 0x00000000a5f00000, 0x00000000e0000000)
  object space 97280K, 41% used [0x00000000a0000000,0x00000000a2744f88,0x00000000a5f00000)
 Metaspace       used 82492K, capacity 85182K, committed 85336K, reserved 1124352K
  class space    used 10459K, capacity 11014K, committed 11136K, reserved 1048576K
Event: 862.996 GC heap after
Heap after GC invocations=19 (full 3):
 PSYoungGen      total 401408K, used 25077K [0x00000000e0000000, 0x00000000fbd80000, 0x0000000100000000)
  eden space 376320K, 0% used [0x00000000e0000000,0x00000000e0000000,0x00000000f6f80000)
  from space 25088K, 99% used [0x00000000f9400000,0x00000000fac7d450,0x00000000fac80000)
  to   space 37376K, 0% used [0x00000000f6f80000,0x00000000f6f80000,0x00000000f9400000)
 ParOldGen       total 97280K, used 63252K [0x00000000a0000000, 0x00000000a5f00000, 0x00000000e0000000)
  object space 97280K, 65% used [0x00000000a0000000,0x00000000a3dc5230,0x00000000a5f00000)
 Metaspace       used 82492K, capacity 85182K, committed 85336K, reserved 1124352K
  class space    used 10459K, capacity 11014K, committed 11136K, reserved 1048576K
}
Event: 868.844 GC heap before
{Heap before GC invocations=20 (full 3):
 PSYoungGen      total 401408K, used 397958K [0x00000000e0000000, 0x00000000fbd80000, 0x0000000100000000)
  eden space 376320K, 99% used [0x00000000e0000000,0x00000000f6c245a0,0x00000000f6f80000)
  from space 25088K, 99% used [0x00000000f9400000,0x00000000fac7d450,0x00000000fac80000)
  to   space 37376K, 0% used [0x00000000f6f80000,0x00000000f6f80000,0x00000000f9400000)
 ParOldGen       total 97280K, used 63252K [0x00000000a0000000, 0x00000000a5f00000, 0x00000000e0000000)
  object space 97280K, 65% used [0x00000000a0000000,0x00000000a3dc5230,0x00000000a5f00000)
 Metaspace       used 87330K, capacity 90626K, committed 90712K, reserved 1128448K
  class space    used 10974K, capacity 11646K, committed 11648K, reserved 1048576K
Event: 868.951 GC heap after
Heap after GC invocations=20 (full 3):
 PSYoungGen      total 413696K, used 37374K [0x00000000e0000000, 0x0000000100000000, 0x0000000100000000)
  eden space 376320K, 0% used [0x00000000e0000000,0x00000000e0000000,0x00000000f6f80000)
  from space 37376K, 99% used [0x00000000f6f80000,0x00000000f93ff818,0x00000000f9400000)
  to   space 52224K, 0% used [0x00000000fcd00000,0x00000000fcd00000,0x0000000100000000)
 ParOldGen       total 97280K, used 86172K [0x00000000a0000000, 0x00000000a5f00000, 0x00000000e0000000)
  object space 97280K, 88% used [0x00000000a0000000,0x00000000a5427288,0x00000000a5f00000)
 Metaspace       used 87330K, capacity 90626K, committed 90712K, reserved 1128448K
  class space    used 10974K, capacity 11646K, committed 11648K, reserved 1048576K
}
Event: 868.951 GC heap before
{Heap before GC invocations=21 (full 4):
 PSYoungGen      total 413696K, used 37374K [0x00000000e0000000, 0x0000000100000000, 0x0000000100000000)
  eden space 376320K, 0% used [0x00000000e0000000,0x00000000e0000000,0x00000000f6f80000)
  from space 37376K, 99% used [0x00000000f6f80000,0x00000000f93ff818,0x00000000f9400000)
  to   space 52224K, 0% used [0x00000000fcd00000,0x00000000fcd00000,0x0000000100000000)
 ParOldGen       total 97280K, used 86172K [0x00000000a0000000, 0x00000000a5f00000, 0x00000000e0000000)
  object space 97280K, 88% used [0x00000000a0000000,0x00000000a5427288,0x00000000a5f00000)
 Metaspace       used 87330K, capacity 90626K, committed 90712K, reserved 1128448K
  class space    used 10974K, capacity 11646K, committed 11648K, reserved 1048576K
Event: 869.502 GC heap after
Heap after GC invocations=21 (full 4):
 PSYoungGen      total 413696K, used 848K [0x00000000e0000000, 0x0000000100000000, 0x0000000100000000)
  eden space 376320K, 0% used [0x00000000e0000000,0x00000000e0000000,0x00000000f6f80000)
  from space 37376K, 2% used [0x00000000f6f80000,0x00000000f70540c0,0x00000000f9400000)
  to   space 52224K, 0% used [0x00000000fcd00000,0x00000000fcd00000,0x0000000100000000)
 ParOldGen       total 198144K, used 97026K [0x00000000a0000000, 0x00000000ac180000, 0x00000000e0000000)
  object space 198144K, 48% used [0x00000000a0000000,0x00000000a5ec09a8,0x00000000ac180000)
 Metaspace       used 87170K, capacity 90186K, committed 90712K, reserved 1128448K
  class space    used 10920K, capacity 11552K, committed 11648K, reserved 1048576K
}

